<?xml version="1.0" encoding="UTF-8"?>
<!-- Generated by org.testng.reporters.JUnitReportReporter -->
<testsuite hostname="LakshikaN-450G7" name="SumValidation" tests="1" failures="0" timestamp="5 Aug 2022 10:37:09 GMT" time="1.855" errors="0">
  <testcase name="sumCourses" time="1.855" classname="SumValidation"/>
</testsuite> <!-- SumValidation -->
