<?xml version="1.0" encoding="UTF-8"?>
<!-- Generated by org.testng.reporters.JUnitReportReporter -->
<testsuite hostname="LakshikaN-450G7" name="JsonFromExternalFile" tests="1" failures="0" timestamp="18 Aug 2022 11:58:46 GMT" time="1.971" errors="0">
  <testcase name="addBook" time="1.971" classname="JsonFromExternalFile"/>
</testsuite> <!-- JsonFromExternalFile -->
